Determining if the pthread_create exist failed with the following output:
Change Dir: /home/liu/SLAM/catkin_ws01/build/CMakeFiles/CMakeTmp

Run Build Command:"/usr/bin/make" "cmTC_ec8eb/fast"
/usr/bin/make -f CMakeFiles/cmTC_ec8eb.dir/build.make CMakeFiles/cmTC_ec8eb.dir/build
make[1]: Entering directory '/home/liu/SLAM/catkin_ws01/build/CMakeFiles/CMakeTmp'
Building C object CMakeFiles/cmTC_ec8eb.dir/CheckSymbolExists.c.o
/usr/bin/cc     -o CMakeFiles/cmTC_ec8eb.dir/CheckSymbolExists.c.o   -c /home/liu/SLAM/catkin_ws01/build/CMakeFiles/CMakeTmp/CheckSymbolExists.c
Linking C executable cmTC_ec8eb
/usr/bin/cmake -E cmake_link_script CMakeFiles/cmTC_ec8eb.dir/link.txt --verbose=1
/usr/bin/cc       CMakeFiles/cmTC_ec8eb.dir/CheckSymbolExists.c.o  -o cmTC_ec8eb -rdynamic 
CMakeFiles/cmTC_ec8eb.dir/CheckSymbolExists.c.o: In function `main':
CheckSymbolExists.c:(.text+0x16): undefined reference to `pthread_create'
collect2: error: ld returned 1 exit status
CMakeFiles/cmTC_ec8eb.dir/build.make:97: recipe for target 'cmTC_ec8eb' failed
make[1]: *** [cmTC_ec8eb] Error 1
make[1]: Leaving directory '/home/liu/SLAM/catkin_ws01/build/CMakeFiles/CMakeTmp'
Makefile:126: recipe for target 'cmTC_ec8eb/fast' failed
make: *** [cmTC_ec8eb/fast] Error 2

File /home/liu/SLAM/catkin_ws01/build/CMakeFiles/CMakeTmp/CheckSymbolExists.c:
/* */
#include <pthread.h>

int main(int argc, char** argv)
{
  (void)argv;
#ifndef pthread_create
  return ((int*)(&pthread_create))[argc];
#else
  (void)argc;
  return 0;
#endif
}

Determining if the function pthread_create exists in the pthreads failed with the following output:
Change Dir: /home/liu/SLAM/catkin_ws01/build/CMakeFiles/CMakeTmp

Run Build Command:"/usr/bin/make" "cmTC_a9324/fast"
/usr/bin/make -f CMakeFiles/cmTC_a9324.dir/build.make CMakeFiles/cmTC_a9324.dir/build
make[1]: Entering directory '/home/liu/SLAM/catkin_ws01/build/CMakeFiles/CMakeTmp'
Building C object CMakeFiles/cmTC_a9324.dir/CheckFunctionExists.c.o
/usr/bin/cc    -DCHECK_FUNCTION_EXISTS=pthread_create   -o CMakeFiles/cmTC_a9324.dir/CheckFunctionExists.c.o   -c /usr/share/cmake-3.5/Modules/CheckFunctionExists.c
Linking C executable cmTC_a9324
/usr/bin/cmake -E cmake_link_script CMakeFiles/cmTC_a9324.dir/link.txt --verbose=1
/usr/bin/cc   -DCHECK_FUNCTION_EXISTS=pthread_create    CMakeFiles/cmTC_a9324.dir/CheckFunctionExists.c.o  -o cmTC_a9324 -rdynamic -lpthreads 
/usr/bin/ld: cannot find -lpthreads
collect2: error: ld returned 1 exit status
CMakeFiles/cmTC_a9324.dir/build.make:97: recipe for target 'cmTC_a9324' failed
make[1]: *** [cmTC_a9324] Error 1
make[1]: Leaving directory '/home/liu/SLAM/catkin_ws01/build/CMakeFiles/CMakeTmp'
Makefile:126: recipe for target 'cmTC_a9324/fast' failed
make: *** [cmTC_a9324/fast] Error 2


